<?xml version="1.0" encoding="UTF-8"?>
<testsuite name="com.example.kms.KmsApplicationTests" tests="2" skipped="0" failures="0" errors="0" timestamp="2024-05-19T09:30:11" hostname="LAPTOP-03DHJGC6" time="0.1">
  <properties/>
  <testcase name="testGetEmployeeById()" classname="com.example.kms.KmsApplicationTests" time="0.089"/>
  <testcase name="testGetWatchById()" classname="com.example.kms.KmsApplicationTests" time="0.009"/>
  <system-out><![CDATA[16:30:00.073 [Test worker] INFO org.springframework.test.context.support.AnnotationConfigContextLoaderUtils -- Could not detect default configuration classes for test class [com.example.kms.KmsApplicationTests]: KmsApplicationTests does not declare any static, non-private, non-final, nested classes annotated with @Configuration.
16:30:00.260 [Test worker] INFO org.springframework.boot.test.context.SpringBootTestContextBootstrapper -- Found @SpringBootConfiguration com.example.kms.KmsApplication for test class com.example.kms.KmsApplicationTests

  .   ____          _            __ _ _
 /\\ / ___'_ __ _ _(_)_ __  __ _ \ \ \ \
( ( )\___ | '_ | '_| | '_ \/ _` | \ \ \ \
 \\/  ___)| |_)| | | | | || (_| |  ) ) ) )
  '  |____| .__|_| |_|_| |_\__, | / / / /
 =========|_|==============|___/=/_/_/_/
 :: Spring Boot ::                (v3.2.3)

2024-05-19T16:30:00.885+07:00  INFO 30412 --- [    Test worker] com.example.kms.KmsApplicationTests      : Starting KmsApplicationTests using Java 20.0.1 with PID 30412 (started by casde in C:\Users\casde\IdeaProjects\kms0)
2024-05-19T16:30:00.887+07:00  INFO 30412 --- [    Test worker] com.example.kms.KmsApplicationTests      : No active profile set, falling back to 1 default profile: "default"
2024-05-19T16:30:02.731+07:00  INFO 30412 --- [    Test worker] .s.d.r.c.RepositoryConfigurationDelegate : Bootstrapping Spring Data JPA repositories in DEFAULT mode.
2024-05-19T16:30:02.874+07:00  INFO 30412 --- [    Test worker] .s.d.r.c.RepositoryConfigurationDelegate : Finished Spring Data repository scanning in 128 ms. Found 13 JPA repository interfaces.
2024-05-19T16:30:06.089+07:00  INFO 30412 --- [    Test worker] o.hibernate.jpa.internal.util.LogHelper  : HHH000204: Processing PersistenceUnitInfo [name: default]
2024-05-19T16:30:06.229+07:00  INFO 30412 --- [    Test worker] org.hibernate.Version                    : HHH000412: Hibernate ORM core version 6.4.4.Final
2024-05-19T16:30:06.310+07:00  INFO 30412 --- [    Test worker] o.h.c.internal.RegionFactoryInitiator    : HHH000026: Second-level cache disabled
2024-05-19T16:30:06.479+07:00  INFO 30412 --- [    Test worker] o.s.o.j.p.SpringPersistenceUnitInfo      : No LoadTimeWeaver setup: ignoring JPA class transformer
2024-05-19T16:30:06.519+07:00  INFO 30412 --- [    Test worker] com.zaxxer.hikari.HikariDataSource       : HikariPool-1 - Starting...
2024-05-19T16:30:06.692+07:00  INFO 30412 --- [    Test worker] com.zaxxer.hikari.pool.HikariPool        : HikariPool-1 - Added connection org.postgresql.jdbc.PgConnection@24f2608b
2024-05-19T16:30:06.695+07:00  INFO 30412 --- [    Test worker] com.zaxxer.hikari.HikariDataSource       : HikariPool-1 - Start completed.
2024-05-19T16:30:06.752+07:00  WARN 30412 --- [    Test worker] org.hibernate.orm.deprecation            : HHH90000025: PostgreSQLDialect does not need to be specified explicitly using 'hibernate.dialect' (remove the property setting and it will be selected by default)
2024-05-19T16:30:08.492+07:00  INFO 30412 --- [    Test worker] o.h.e.t.j.p.i.JtaPlatformInitiator       : HHH000489: No JTA platform available (set 'hibernate.transaction.jta.platform' to enable JTA platform integration)
2024-05-19T16:30:08.856+07:00  INFO 30412 --- [    Test worker] j.LocalContainerEntityManagerFactoryBean : Initialized JPA EntityManagerFactory for persistence unit 'default'
2024-05-19T16:30:10.420+07:00  WARN 30412 --- [    Test worker] JpaBaseConfiguration$JpaWebConfiguration : spring.jpa.open-in-view is enabled by default. Therefore, database queries may be performed during view rendering. Explicitly configure spring.jpa.open-in-view to disable this warning
2024-05-19T16:30:11.187+07:00  INFO 30412 --- [    Test worker] o.s.s.web.DefaultSecurityFilterChain     : Will secure any request with [org.springframework.security.web.session.DisableEncodeUrlFilter@578081e5, org.springframework.security.web.context.request.async.WebAsyncManagerIntegrationFilter@6c1f1c03, org.springframework.security.web.context.SecurityContextHolderFilter@6baa673d, org.springframework.security.web.header.HeaderWriterFilter@57283e4, org.springframework.security.web.authentication.logout.LogoutFilter@6f8fa77a, com.example.kms.config.JwtAuthFilter@40a360e6, org.springframework.security.web.savedrequest.RequestCacheAwareFilter@22bd6b0a, org.springframework.security.web.servletapi.SecurityContextHolderAwareRequestFilter@221383c9, org.springframework.security.web.authentication.AnonymousAuthenticationFilter@69e3e1d9, org.springframework.security.web.session.SessionManagementFilter@6e92f150, org.springframework.security.web.access.ExceptionTranslationFilter@5baabba, org.springframework.security.web.access.intercept.AuthorizationFilter@73790bb5]
2024-05-19T16:30:11.755+07:00  INFO 30412 --- [    Test worker] com.example.kms.KmsApplicationTests      : Started KmsApplicationTests in 11.264 seconds (process running for 14.311)
]]></system-out>
  <system-err><![CDATA[]]></system-err>
</testsuite>
